<?xml version="1.0" encoding="UTF-8"?>
<!-- Generated by org.testng.reporters.JUnitReportReporter -->
<testsuite skipped="0" hostname="DESKTOP-BGQA5V0" name="FrameWork.LoginTest" tests="2" failures="0" timestamp="2020-05-17T15:16:59 IST" time="78.945" errors="0">
  <testcase name="Test1" time="46.395" classname="FrameWork.LoginTest"/>
  <system-out/>
  <testcase name="Test1" time="32.550" classname="FrameWork.LoginTest"/>
  <system-out/>
</testsuite> <!-- FrameWork.LoginTest -->
