<?xml version="1.0" encoding="UTF-8"?>
<!-- Generated by org.testng.reporters.JUnitReportReporter -->
<testsuite skipped="0" hostname="DESKTOP-BGQA5V0" name="FrameWork.LandingTest" tests="1" failures="0" timestamp="2020-04-29T13:09:22 IST" time="6.408" errors="0">
  <testcase name="Test1" time="6.408" classname="FrameWork.LandingTest"/>
  <system-out/>
</testsuite> <!-- FrameWork.LandingTest -->
